00:00:00.221713 VirtualBox GUI VM Selector Window 7.2.4 r170995 linux.amd64 (Oct 22 2025 16:59:14) release log
00:00:00.221714 Log opened 2025-11-19T21:55:51.791620000Z
00:00:00.221715 Build Type: release
00:00:00.221717 OS Product: Linux
00:00:00.221717 OS Release: 6.17.8-arch1-1
00:00:00.221718 OS Version: #1 SMP PREEMPT_DYNAMIC Fri, 14 Nov 2025 06:54:20 +0000
00:00:00.221740 DMI Product Name: A520MT
00:00:00.221747 DMI Product Version: 
00:00:00.221751 Firmware type: UEFI
00:00:00.221808 Secure Boot: Disabled
00:00:00.221835 Host RAM: 15870MB (15.4GB) total, 6020MB (5.8GB) available
00:00:00.221836 Executable: /usr/lib/virtualbox/VirtualBox
00:00:00.221836 Process ID: 181620
00:00:00.221836 Package type: LINUX_64BITS_GENERIC (OSE)
00:00:00.221857 Qt version: 6.10.0
00:00:00.222959 GUI: UIMediumEnumerator: Initial medium-enumeration finished!
00:00:00.230399 GUI: UIMediumEnumerator: Medium-enumeration started...
00:00:00.230411 GUI: UIMediumEnumerator: Medium-enumeration finished!
00:00:04.787728 GUI: UIInvisibleWindow::sltFallback: Move event missing. Screen: 0, work area: 959x539 x 800x800
00:00:04.787744 GUI: UIDesktopWidgetWatchdog::sltHandleHostScreenAvailableGeometryCalculated: Screen 0 work area is actually resized to: 959x539 x 800x800
00:00:08.879745 GUI: UICommon: Handling aboutToQuit request..
00:00:09.900774 GUI: UICommon: aboutToQuit request handled!
