00:00:00.000598 main     VirtualBox XPCOM Server 7.2.4 r170995 linux.amd64 (Oct 22 2025 16:59:14) release log
00:00:00.000600 main     Log opened 2025-11-19T21:55:51.675482000Z
00:00:00.000600 main     Build Type: release
00:00:00.000602 main     OS Product: Linux
00:00:00.000602 main     OS Release: 6.17.8-arch1-1
00:00:00.000602 main     OS Version: #1 SMP PREEMPT_DYNAMIC Fri, 14 Nov 2025 06:54:20 +0000
00:00:00.000624 main     DMI Product Name: A520MT
00:00:00.000631 main     DMI Product Version: 
00:00:00.000635 main     Firmware type: UEFI
00:00:00.000697 main     Secure Boot: Disabled
00:00:00.000722 main     Host RAM: 15870MB (15.4GB) total, 6019MB (5.8GB) available
00:00:00.000724 main     Executable: /usr/lib/virtualbox/VBoxSVC
00:00:00.000724 main     Process ID: 181637
00:00:00.000725 main     Package type: LINUX_64BITS_GENERIC (OSE)
00:00:00.004796 main     IPC socket path: /tmp/.vbox-xwalfie-ipc/ipcd
00:00:00.007449 DCon01   VirtualBox: object creation starts
00:00:00.007811 DCon01   Home directory: '/home/xwalfie/.config/VirtualBox'
00:00:00.011259 DCon01   HostDnsMonitor: initializing
00:00:00.011367 DCon01   NAT: resolv.conf: nameserver 192.168.1.1
00:00:00.011377 DCon01   HostDnsMonitor: updating information
00:00:00.011382 DCon01   HostDnsMonitor: old information
00:00:00.011384 DCon01     no server entries
00:00:00.011385 DCon01     no domain set
00:00:00.011386 DCon01     no search string entries
00:00:00.011387 DCon01   HostDnsMonitor: new information
00:00:00.011387 DCon01     server 1: 192.168.1.1
00:00:00.011389 DCon01     domain: home
00:00:00.011390 DCon01     search string 1: home
00:00:00.013657 DCon01   Failed to open "/dev/vboxdrvu", errno=2, rc=VERR_VM_DRIVER_NOT_INSTALLED
00:00:00.014002 DCon01   VD: VDInit finished with VINF_SUCCESS
00:00:00.014246 DCon01   ERROR [COM]: aRC=NS_ERROR_FAILURE (0x80004005) aIID={925084b0-625f-422f-a67d-0ede1880a56c} aComponent={SystemPropertiesWrap} aText={Cannot determine default Guest Additions ISO location. Most likely they are not available}, preserve=false aResultDetail=0
00:00:00.015760 DCon01   VirtualBox: object created
00:00:00.654656 DCon03   WARNING [COM]: aRC=NS_ERROR_FAILURE (0x80004005) aIID={d5dcece0-b202-4416-a138-03502784cc07} aComponent={HostWrap} aText={Could not load the Host USB Proxy service: VERR_NOT_FOUND}, preserve=false aResultDetail=0
00:00:00.986125 DCon03   Saving settings file "/home/xwalfie/.config/VirtualBox/VirtualBox.xml" with version "1.12-linux"
00:00:00.987495 DCon03   Finished saving settings file "/home/xwalfie/.config/VirtualBox/VirtualBox.xml"
00:00:06.178312 DCon03   Saving settings file "/home/xwalfie/.config/VirtualBox/VirtualBox.xml" with version "1.12-linux"
00:00:06.179705 DCon03   Finished saving settings file "/home/xwalfie/.config/VirtualBox/VirtualBox.xml"
00:00:08.775502 DCon03   Saving settings file "/home/xwalfie/.config/VirtualBox/VirtualBox.xml" with version "1.12-linux"
00:00:08.777812 DCon03   Finished saving settings file "/home/xwalfie/.config/VirtualBox/VirtualBox.xml"
00:00:14.788578 main     VirtualBox: object deletion starts
00:00:14.789546 main     HostDnsMonitor: shutting down ...
00:00:14.792218 main     HostDnsMonitor: shut down
00:00:14.802556 Watcher  ERROR [COM]: aRC=E_ACCESSDENIED (0x80070005) aIID={2ce10519-3c09-45d8-a12d-e887786146b7} aComponent={VirtualBoxWrap} aText={The object is not ready}, preserve=false aResultDetail=0
00:00:14.802606 main     VirtualBox: object deleted
